<?xml version="1.0" encoding="UTF-8"?>
<testsuite name="PalinjavaTest" tests="1" skipped="0" failures="0" errors="0" timestamp="2017-05-22T20:29:07" hostname="Byrons-MacBook-Pro.local" time="0.003">
  <properties/>
  <testcase name="runPalinjava_returnString_ArrayList" classname="PalinjavaTest" time="0.003"/>
  <system-out><![CDATA[]]></system-out>
  <system-err><![CDATA[]]></system-err>
</testsuite>
